<?xml version="1.0" encoding="UTF-8"?>
<!-- Generated by org.testng.reporters.JUnitReportReporter -->
<testsuite hostname="DESKTOP-40HIA6A" name="net.ExcelColor" tests="1" failures="0" timestamp="6 Jan 2020 15:31:49 GMT" time="1.751" errors="0">
  <testcase name="testExcelColor" time="1.751" classname="net.ExcelColor"/>
</testsuite> <!-- net.ExcelColor -->
